###############################################################################
#
# IAR ANSI C/C++ Compiler V8.40.2.214/W32 for ARM         09/May/2022  11:31:07
# Copyright 1999-2019 IAR Systems AB.
#
#    Cpu mode     =  
#    Endian       =  little
#    Source file  =
#        D:\Nikolaos\My Documents\IAR
#        projects\CourseWork-main2\CourseWorkIARproject\startupF411RE.cpp
#    Command line =
#        -f C:\Users\Nikolaos\AppData\Local\Temp\EW99DD.tmp ("D:\Nikolaos\My
#        Documents\IAR
#        projects\CourseWork-main2\CourseWorkIARproject\startupF411RE.cpp" -lC
#        "D:\Nikolaos\My Documents\IAR
#        projects\CourseWork-main2\CourseWorkIARproject\Debug\List" -lA
#        "D:\Nikolaos\My Documents\IAR
#        projects\CourseWork-main2\CourseWorkIARproject\Debug\List" -o
#        "D:\Nikolaos\My Documents\IAR
#        projects\CourseWork-main2\CourseWorkIARproject\Debug\Obj" --no_cse
#        --no_unroll --no_inline --no_code_motion --no_tbaa --no_clustering
#        --no_scheduling --debug --endian=little --cpu=Cortex-M4 -e
#        --fpu=VFPv4_sp --dlib_config "D:\IAR Systems\Embedded Workbench
#        8.3\arm\inc\c\DLib_Config_Normal.h" -I "D:\Nikolaos\My Documents\IAR
#        projects\CourseWork-main2\CourseWorkIARproject\Rtos\" -I
#        "D:\Nikolaos\My Documents\IAR
#        projects\CourseWork-main2\CourseWorkIARproject\Rtos\wrapper\" -I
#        "D:\Nikolaos\My Documents\IAR
#        projects\CourseWork-main2\CourseWorkIARproject\Rtos\wrapper\FreeRtos\"
#        -I "D:\Nikolaos\My Documents\IAR
#        projects\CourseWork-main2\CourseWorkIARproject\Rtos\FreeRtos\" -I
#        "D:\Nikolaos\My Documents\IAR
#        projects\CourseWork-main2\CourseWorkIARproject\Rtos\FreeRtos\include\"
#        -I "D:\Nikolaos\My Documents\IAR
#        projects\CourseWork-main2\CourseWorkIARproject\Rtos\FreeRtos\portable\"
#        -I "D:\Nikolaos\My Documents\IAR
#        projects\CourseWork-main2\CourseWorkIARproject\Rtos\FreeRtos\portable\Common\"
#        -I "D:\Nikolaos\My Documents\IAR
#        projects\CourseWork-main2\CourseWorkIARproject\Rtos\FreeRtos\portable\IAR\"
#        -I "D:\Nikolaos\My Documents\IAR
#        projects\CourseWork-main2\CourseWorkIARproject\Rtos\FreeRtos\portable\IAR\ARM_CM4F\"
#        -I "D:\Nikolaos\My Documents\IAR
#        projects\CourseWork-main2\CourseWorkIARproject\Rtos\FreeRtos\portable\MemMang\"
#        -I "D:\Nikolaos\My Documents\IAR
#        projects\CourseWork-main2\CourseWorkIARproject\MyTasks\" -I
#        "D:\Nikolaos\My Documents\IAR
#        projects\CourseWork-main2\CourseWorkIARproject\CMSIS\" -I
#        "D:\Nikolaos\My Documents\IAR
#        projects\CourseWork-main2\CourseWorkIARproject\Application\" -I
#        "D:\Nikolaos\My Documents\IAR
#        projects\CourseWork-main2\CourseWorkIARproject\Application\Diagnostic\"
#        -I "D:\Nikolaos\My Documents\IAR
#        projects\CourseWork-main2\CourseWorkIARproject\AHardware\" -I
#        "D:\Nikolaos\My Documents\IAR
#        projects\CourseWork-main2\CourseWorkIARproject\AHardware\GpioPort\" -I
#        "D:\Nikolaos\My Documents\IAR
#        projects\CourseWork-main2\CourseWorkIARproject\AHardware\IrqController\"
#        -I "D:\Nikolaos\My Documents\IAR
#        projects\CourseWork-main2\CourseWorkIARproject\AHardware\Registers\STM32F411\FieldValues\"
#        -I "D:\Nikolaos\My Documents\IAR
#        projects\CourseWork-main2\CourseWorkIARproject\AHardware\Registers\STM32F411\"
#        -I "D:\Nikolaos\My Documents\IAR
#        projects\CourseWork-main2\CourseWorkIARproject\AHardware\Registers\"
#        -I "D:\Nikolaos\My Documents\IAR
#        projects\CourseWork-main2\CourseWorkIARproject\AHardware\Atomic\" -I
#        "D:\Nikolaos\My Documents\IAR
#        projects\CourseWork-main2\CourseWorkIARproject\Common\" -I
#        "D:\Nikolaos\My Documents\IAR
#        projects\CourseWork-main2\CourseWorkIARproject\Common\Singleton\" -I
#        "D:\Nikolaos\My Documents\IAR
#        projects\CourseWork-main2\CourseWorkIARproject\Common\RomObject\" -I
#        "D:\Nikolaos\My Documents\IAR
#        projects\CourseWork-main2\CourseWorkIARproject\AHardware\Port\" -I
#        "D:\Nikolaos\My Documents\IAR
#        projects\CourseWork-main2\CourseWorkIARproject\AHardware\Pin\" -I
#        "D:\Nikolaos\My Documents\IAR
#        projects\CourseWork-main2\CourseWorkIARproject\Application\Button\" -I
#        "D:\Nikolaos\My Documents\IAR
#        projects\CourseWork-main2\CourseWorkIARproject\Application\Led\" -I
#        "D:\Nikolaos\My Documents\IAR
#        projects\CourseWork-main2\CourseWorkIARproject\Application\Measurement\"
#        -I "D:\Nikolaos\My Documents\IAR
#        projects\CourseWork-main2\CourseWorkIARproject\AHardware\USART\" -I
#        "D:\Nikolaos\My Documents\IAR
#        projects\CourseWork-main2\CourseWorkIARproject\AHardware\Registers\CortexM4\"
#        -I "D:\Nikolaos\My Documents\IAR
#        projects\CourseWork-main2\CourseWorkIARproject\AHardware\Registers\CortexM4\FieldValues\"
#        -I "D:\Nikolaos\My Documents\IAR
#        projects\CourseWork-main2\CourseWorkIARproject\AHardware\SPI\" -I
#        "D:\Nikolaos\My Documents\IAR
#        projects\CourseWork-main2\CourseWorkIARproject\AHardware\BME280Driver\"
#        -I "D:\Nikolaos\My Documents\IAR
#        projects\CourseWork-main2\CourseWorkIARproject\AHardware\EPDDriver\"
#        -I "D:\Nikolaos\My Documents\IAR
#        projects\CourseWork-main2\CourseWorkIARproject\Application\GUI\" -I
#        "D:\Nikolaos\My Documents\IAR
#        projects\CourseWork-main2\CourseWorkIARproject\Application\GUI\Fonts\"
#        -I "D:\Nikolaos\My Documents\IAR
#        projects\CourseWork-main2\CourseWorkIARproject\Application\Display\"
#        -On --c++ --no_exceptions --no_rtti)
#    Locale       =  C
#    List file    =
#        D:\Nikolaos\My Documents\IAR
#        projects\CourseWork-main2\CourseWorkIARproject\Debug\List\startupF411RE.lst
#    Object file  =
#        D:\Nikolaos\My Documents\IAR
#        projects\CourseWork-main2\CourseWorkIARproject\Debug\Obj\startupF411RE.o
#
###############################################################################

D:\Nikolaos\My Documents\IAR projects\CourseWork-main2\CourseWorkIARproject\startupF411RE.cpp
      1          /******************************************************************************
      2           *  FILENAME: startupF411RE.cpp
      3           *  
      4           * DESCRIPTION: Файл с векторами прерывания для Cortex-M. для С++.
      5           * Поскольку почему-то в Cortex-M все обработчики должны по имени точно 
      6           *  совпадать с имена в таблице векторов, а название метода из С++ класса 
      7           * совпасть с такой таблицей со стандратными стартап файлами никак не может
      8           * то вот приходиться такой же писать на С++. 
      9           * Внимание!!!!!! Имена классов точно должны совпадать с именами у вас в проекте
     10           * Можно изменить и сократить количество классов, если есть желание, например
     11           *
     12           * Copyright (c) 2018 by South Ural State University
     13           * Author: Сергей Колодий
     14           ******************************************************************************/
     15          
     16          #pragma language = extended
     17          #pragma segment = "CSTACK"
     18          #include "AHardware/IrqController/irqcontroller.hpp"
     19          #include "Rtos/wrapper/rtos.hpp"

   \                                 In section .rodata, align 1
   \   __absolute bool const std::chrono::system_clock::is_steady
   \                     _ZNSt6chrono12system_clock9is_steadyE:
   \        0x0   0x00               DC8 0

   \                                 In section .rodata, align 1
   \   __absolute bool const std::chrono::system_clock::is_monotonic
   \                     _ZNSt6chrono12system_clock12is_monotonicE:
   \        0x0   0x00               DC8 0

   \                                 In section .rodata, align 1
   \   __absolute bool const std::chrono::steady_clock::is_steady
   \                     _ZNSt6chrono12steady_clock9is_steadyE:
   \        0x0   0x01               DC8 1

   \                                 In section .text, align 2
   \   __interwork __vfp void OsWrapper::RtosWrapper::wHandleSvcInterrupt()
   \                     _ZN9OsWrapper11RtosWrapper19wHandleSvcInterruptEv: (+1)
   \        0x0   0xB580             PUSH     {R7,LR}
   \        0x2   0x....'....        BL       vPortSVCHandler
   \        0x6   0xBD01             POP      {R0,PC}          ;; return

   \                                 In section .text, align 2
   \   __interwork __vfp void OsWrapper::RtosWrapper::wHandleSysTickInterrupt()
   \                     _ZN9OsWrapper11RtosWrapper23wHandleSysTickInterruptEv: (+1)
   \        0x0   0xB580             PUSH     {R7,LR}
   \        0x2   0x....'....        BL       xPortSysTickHandler
   \        0x6   0xBD01             POP      {R0,PC}          ;; return

   \                                 In section .text, align 2
   \   __interwork __vfp void OsWrapper::Rtos::HandleSvcInterrupt()
   \                     _ZN9OsWrapper4Rtos18HandleSvcInterruptEv: (+1)
   \        0x0   0xB580             PUSH     {R7,LR}
   \        0x2   0x....'....        BL       _ZN9OsWrapper11RtosWrapper19wHandleSvcInterruptEv
   \        0x6   0xBD01             POP      {R0,PC}          ;; return

   \                                 In section .text, align 2
   \   __interwork __vfp void OsWrapper::Rtos::HandleSysTickInterrupt()
   \                     _ZN9OsWrapper4Rtos22HandleSysTickInterruptEv: (+1)
   \        0x0   0xB580             PUSH     {R7,LR}
   \        0x2   0x....'....        BL       _ZN9OsWrapper11RtosWrapper23wHandleSysTickInterruptEv
   \        0x6   0xBD01             POP      {R0,PC}          ;; return
     20          
     21          
     22          extern "C" void __iar_program_start( void );
     23          extern "C" void xPortPendSVHandler(void);
     24          
     25          
     26          class DummyModule
     27          {
     28            public:
     29              static void handler();
     30          };
     31          
     32          using tIntFunct = void(*)();
     33          //cstat !MISRAC++2008-9-5-1
     34          using tIntVectItem = union {tIntFunct __fun; void * __ptr;};
     35          
     36          // The vector table is normally located at address 0.
     37          // When debugging in RAM, it can be located in RAM, aligned to at least 2^6.
     38          // If you need to define interrupt service routines,
     39          // make a copy of this file and include it in your project.
     40          // The name "__vector_table" has special meaning for C-SPY:
     41          // it is where the SP start value is found, and the NVIC vector
     42          // table register (VTOR) is initialized to this address if != 0.
     43          
     44          #pragma location = ".intvec"
     45          //cstat !MISRAC++2008-0-1-4_b !MISRAC++2008-9-5-1

   \                                 In section .intvec, align 4
     46          extern "C" const tIntVectItem __vector_table[] =
   \                     __vector_table:
   \        0x0   0x....'....        DC32 SFE(CSTACK), __iar_program_start, _ZN11DummyModule7handlerEv
   \              0x....'....  
   \              0x....'....  
   \        0xC   0x....'....        DC32 _ZN11DummyModule7handlerEv, _ZN11DummyModule7handlerEv
   \              0x....'....  
   \       0x14   0x....'....        DC32 _ZN11DummyModule7handlerEv, _ZN11DummyModule7handlerEv, 0x0, 0x0
   \              0x....'....  
   \              0x0000'0000  
   \              0x0000'0000  
   \       0x24   0x0000'0000        DC32 0x0, 0x0, _ZN9OsWrapper4Rtos18HandleSvcInterruptEv
   \              0x0000'0000  
   \              0x....'....  
   \       0x30   0x....'....        DC32 _ZN11DummyModule7handlerEv, 0x0, xPortPendSVHandler
   \              0x0000'0000  
   \              0x....'....  
   \       0x3C   0x....'....        DC32 _ZN9OsWrapper4Rtos22HandleSysTickInterruptEv
   \       0x40   0x....'....        DC32 _ZN11DummyModule7handlerEv, _ZN11DummyModule7handlerEv
   \              0x....'....  
   \       0x48   0x....'....        DC32 _ZN11DummyModule7handlerEv, _ZN11DummyModule7handlerEv
   \              0x....'....  
   \       0x50   0x....'....        DC32 _ZN11DummyModule7handlerEv, _ZN11DummyModule7handlerEv
   \              0x....'....  
   \       0x58   0x....'....        DC32 _ZN11DummyModule7handlerEv, _ZN11DummyModule7handlerEv
   \              0x....'....  
   \       0x60   0x....'....        DC32 _ZN11DummyModule7handlerEv, _ZN11DummyModule7handlerEv
   \              0x....'....  
   \       0x68   0x....'....        DC32 _ZN11DummyModule7handlerEv, _ZN11DummyModule7handlerEv
   \              0x....'....  
   \       0x70   0x....'....        DC32 _ZN11DummyModule7handlerEv, _ZN11DummyModule7handlerEv
   \              0x....'....  
   \       0x78   0x....'....        DC32 _ZN11DummyModule7handlerEv, _ZN11DummyModule7handlerEv
   \              0x....'....  
   \       0x80   0x....'....        DC32 _ZN11DummyModule7handlerEv, _ZN11DummyModule7handlerEv
   \              0x....'....  
   \       0x88   0x....'....        DC32 _ZN11DummyModule7handlerEv, 0x0, 0x0, 0x0, 0x0
   \              0x0000'0000  
   \              0x0000'0000  
   \              0x0000'0000  
   \              0x0000'0000  
   \       0x9C   0x....'....        DC32 _ZN11DummyModule7handlerEv, _ZN11DummyModule7handlerEv
   \              0x....'....  
   \       0xA4   0x....'....        DC32 _ZN11DummyModule7handlerEv, _ZN11DummyModule7handlerEv
   \              0x....'....  
   \       0xAC   0x....'....        DC32 _ZN11DummyModule7handlerEv, _ZN11DummyModule7handlerEv
   \              0x....'....  
   \       0xB4   0x....'....        DC32 _ZN11DummyModule7handlerEv, _ZN11DummyModule7handlerEv
   \              0x....'....  
   \       0xBC   0x....'....        DC32 _ZN11DummyModule7handlerEv, _ZN11DummyModule7handlerEv
   \              0x....'....  
   \       0xC4   0x....'....        DC32 _ZN11DummyModule7handlerEv, _ZN11DummyModule7handlerEv
   \              0x....'....  
   \       0xCC   0x....'....        DC32 _ZN13IrqController13HandleIrqSPI1Ev
   \       0xD0   0x....'....        DC32 _ZN13IrqController13HandleIrqSPI2Ev, _ZN11DummyModule7handlerEv
   \              0x....'....  
   \       0xD8   0x....'....        DC32 _ZN13IrqController15HandleIrqUSART2Ev, 0x0
   \              0x0000'0000  
   \       0xE0   0x....'....        DC32 _ZN13IrqController22HandleIrqExtiLine15_10Ev
   \       0xE4   0x....'....        DC32 _ZN11DummyModule7handlerEv, _ZN11DummyModule7handlerEv, 0x0, 0x0
   \              0x....'....  
   \              0x0000'0000  
   \              0x0000'0000  
   \       0xF4   0x0000'0000        DC32 0x0, 0x0, _ZN11DummyModule7handlerEv, 0x0
   \              0x0000'0000  
   \              0x....'....  
   \              0x0000'0000  
   \      0x104   0x....'....        DC32 _ZN11DummyModule7handlerEv, _ZN11DummyModule7handlerEv
   \              0x....'....  
   \      0x10C   0x....'....        DC32 _ZN11DummyModule7handlerEv, 0x0, 0x0, 0x0, 0x0
   \              0x0000'0000  
   \              0x0000'0000  
   \              0x0000'0000  
   \              0x0000'0000  
   \      0x120   0x....'....        DC32 _ZN11DummyModule7handlerEv, _ZN11DummyModule7handlerEv
   \              0x....'....  
   \      0x128   0x....'....        DC32 _ZN11DummyModule7handlerEv, _ZN11DummyModule7handlerEv
   \              0x....'....  
   \      0x130   0x....'....        DC32 _ZN11DummyModule7handlerEv, 0x0, 0x0, 0x0, 0x0, 0x0, 0x0
   \              0x0000'0000  
   \              0x0000'0000  
   \              0x0000'0000  
   \              0x0000'0000  
   \              0x0000'0000  
   \              0x0000'0000  
   \      0x14C   0x....'....        DC32 _ZN11DummyModule7handlerEv, _ZN11DummyModule7handlerEv
   \              0x....'....  
   \      0x154   0x....'....        DC32 _ZN11DummyModule7handlerEv, _ZN11DummyModule7handlerEv
   \              0x....'....  
   \      0x15C   0x....'....        DC32 _ZN11DummyModule7handlerEv, _ZN11DummyModule7handlerEv
   \              0x....'....  
   \      0x164   0x....'....        DC32 _ZN11DummyModule7handlerEv, 0x0, 0x0, 0x0, 0x0, 0x0, 0x0, 0x0
   \              0x0000'0000  
   \              0x0000'0000  
   \              0x0000'0000  
   \              0x0000'0000  
   \              0x0000'0000  
   \              0x0000'0000  
   \              0x0000'0000  
   \      0x184   0x....'....        DC32 _ZN11DummyModule7handlerEv, 0x0, 0x0, _ZN11DummyModule7handlerEv
   \              0x0000'0000  
   \              0x0000'0000  
   \              0x....'....  
   \      0x194   0x....'....        DC32 _ZN11DummyModule7handlerEv
     47          {
     48            { .__ptr = __sfe( "CSTACK" ) },
     49            __iar_program_start,
     50          
     51            DummyModule::handler,
     52            DummyModule::handler,
     53            DummyModule::handler,
     54            DummyModule::handler,
     55            DummyModule::handler,
     56            0,
     57            0,
     58            0,
     59            0,
     60            OsWrapper::Rtos::HandleSvcInterrupt,
     61            DummyModule::handler,
     62            0,
     63            xPortPendSVHandler,
     64            OsWrapper::Rtos::HandleSysTickInterrupt,
     65            //External Interrupts
     66            DummyModule::handler,         //Window Watchdog
     67            DummyModule::handler,         //PVD through EXTI Line detect/EXTI16
     68            DummyModule::handler,         //Tamper and Time Stamp/EXTI21 
     69            DummyModule::handler,         //RTC Wakeup/EXTI22 
     70            DummyModule::handler,         //FLASH
     71            DummyModule::handler,         //RCC
     72            DummyModule::handler,         //EXTI Line 0
     73            DummyModule::handler,         //EXTI Line 1
     74            DummyModule::handler,         //EXTI Line 2
     75            DummyModule::handler,         //EXTI Line 3
     76            DummyModule::handler,         //EXTI Line 4
     77            DummyModule::handler,         //DMA1 Stream 0
     78            DummyModule::handler,         //DMA1 Stream 1
     79            DummyModule::handler,         //DMA1 Stream 2
     80            DummyModule::handler,         //DMA1 Stream 3
     81            DummyModule::handler,         //DMA1 Stream 4
     82            DummyModule::handler,         //DMA1 Stream 5
     83            DummyModule::handler,         //DMA1 Stream 6
     84            DummyModule::handler,         //ADC1
     85            0,                            //USB High Priority
     86            0,                            //USB Low  Priority
     87            0,                            //DAC
     88            0,                            //COMP through EXTI Line
     89            DummyModule::handler,         //EXTI Line 9..5
     90            DummyModule::handler,         //TIM9/TIM1 Break interrupt 
     91            DummyModule::handler,         //TIM10/TIM1 Update interrupt
     92            DummyModule::handler,         //TIM11/TIM1 Trigger/Commutation interrupts
     93            DummyModule::handler,		//TIM1 Capture Compare interrupt
     94            DummyModule::handler,         //TIM2  	
     95            DummyModule::handler,         //TIM3
     96            DummyModule::handler,         //TIM4
     97            DummyModule::handler,         //I2C1 Event
     98            DummyModule::handler,         //I2C1 Error
     99            DummyModule::handler,         //I2C2 Event
    100            DummyModule::handler,         //I2C2 Error
    101            IrqController::HandleIrqSPI1, //SPI1
    102            IrqController::HandleIrqSPI2, //SPI2
    103            DummyModule::handler,         //USART1
    104            IrqController::HandleIrqUSART2,//USART2
    105            0,
    106            IrqController::HandleIrqExtiLine15_10,//EXTI Line 15..10
    107            DummyModule::handler,         //EXTI Line 17 interrupt / RTC Alarms (A and B) through EXTI line interrupt
    108            DummyModule::handler,         //EXTI Line 18 interrupt / USB On-The-Go  FS Wakeup through EXTI line interrupt
    109            0,				//TIM6
    110            0,				//TIM7  f0
    111            0,
    112            0,
    113            DummyModule::handler,         //DMA1 Stream 7 global interrupt fc
    114            0,
    115            DummyModule::handler,	        //SDIO global interrupt
    116            DummyModule::handler,	        //TIM5 global interrupt
    117            DummyModule::handler,	        //SPI3 global interrupt
    118            0,			        // 110
    119            0,
    120            0,
    121            0,
    122            DummyModule::handler,		//DMA2 Stream0 global interrupt 120
    123            DummyModule::handler,		//DMA2 Stream1 global interrupt
    124            DummyModule::handler,		//DMA2 Stream2 global interrupt
    125            DummyModule::handler,		//DMA2 Stream3 global interrupt
    126            DummyModule::handler,		//DMA2 Stream4 global interrupt 130
    127            0,
    128            0,
    129            0,
    130            0,
    131            0,
    132            0,
    133            DummyModule::handler,		//USB On The Go FS global interrupt, 14C
    134            DummyModule::handler,		//DMA2 Stream5 global interrupt
    135            DummyModule::handler,		//DMA2 Stream6 global interrupt
    136            DummyModule::handler,		//DMA2 Stream7 global interrupt
    137            DummyModule::handler,				//USART6 15C
    138            DummyModule::handler,         //I2C3 Event
    139            DummyModule::handler,         //I2C3 Error 164
    140            0,
    141            0,
    142            0,
    143            0,
    144            0,
    145            0,
    146            0,
    147            DummyModule::handler,		//FPU 184
    148            0,
    149            0,
    150            DummyModule::handler,		//SPI 4 global interrupt
    151            DummyModule::handler		//SPI 5 global interrupt
    152          };
    153          

   \                                 In section .text, align 2, keep-with-next
    154          void DummyModule::handler()   { for(;;) {} } ;
   \                     _ZN11DummyModule7handlerEv: (+1)
   \                     ??handler_0: (+1)
   \        0x0   0xE7FE             B.N      ??handler_0
    155          
    156          extern "C" void __cmain( void );
    157          extern "C" __weak void __iar_init_core( void );
    158          extern "C" __weak void __iar_init_vfp( void );
    159          
    160          #pragma required=__vector_table

   \                                 In section .text, align 2, keep-with-next
    161          void __iar_program_start( void )
    162          {
   \                     __iar_program_start: (+1)
   \        0x0   0xB580             PUSH     {R7,LR}
    163            __iar_init_core();
   \        0x2   0x....'....        BL       __iar_init_core
    164            __iar_init_vfp();
   \        0x6   0x....'....        BL       __iar_init_vfp
    165            __cmain();
   \        0xA   0x....'....        BL       __cmain
    166          }
   \        0xE   0xBD01             POP      {R0,PC}          ;; return
   \       0x10                      REQUIRE __vector_table
    167          

   Maximum stack usage in bytes:

   .cstack Function
   ------- --------
       0   DummyModule::handler()
       8   OsWrapper::Rtos::HandleSvcInterrupt()
         8   -> OsWrapper::RtosWrapper::wHandleSvcInterrupt()
       8   OsWrapper::Rtos::HandleSysTickInterrupt()
         8   -> OsWrapper::RtosWrapper::wHandleSysTickInterrupt()
       8   OsWrapper::RtosWrapper::wHandleSvcInterrupt()
         8   -> OsWrapper::vPortSVCHandler
       8   OsWrapper::RtosWrapper::wHandleSysTickInterrupt()
         8   -> OsWrapper::xPortSysTickHandler
       8   __iar_program_start
         8   -> __cmain
         8   -> __iar_init_core
         8   -> __iar_init_vfp


   Section sizes:

   Bytes  Function/Label
   -----  --------------
       2  DummyModule::handler()
       8  OsWrapper::Rtos::HandleSvcInterrupt()
       8  OsWrapper::Rtos::HandleSysTickInterrupt()
       8  OsWrapper::RtosWrapper::wHandleSvcInterrupt()
       8  OsWrapper::RtosWrapper::wHandleSysTickInterrupt()
      16  __iar_program_start
     408  __vector_table
       1  std::chrono::steady_clock::is_steady
       1  std::chrono::system_clock::is_monotonic
       1  std::chrono::system_clock::is_steady
      24  -- Other

 
 408 bytes in section .intvec
  27 bytes in section .rodata
  50 bytes in section .text
 
  18 bytes of CODE  memory (+ 32 bytes shared)
 408 bytes of CONST memory (+ 27 bytes shared)

Errors: none
Warnings: none
